-------------------------------------------------------------------------------
Test set: com.appdebug.AcceptanceTestSuite
-------------------------------------------------------------------------------
Tests run: 75, Failures: 10, Errors: 2, Skipped: 0, Time elapsed: 692.958 sec <<< FAILURE! - in com.appdebug.AcceptanceTestSuite
Then the user should see as result the value '-11'(Scenario: addition of one positive and one negative number)  Time elapsed: 0.004 sec  <<< FAILURE!
java.lang.AssertionError: null
	at com.appdebug.steps.serenity.UserFlow.shouldSeeResult(UserFlow.java:44)
	at com.appdebug.steps.serenity.UserFlow$$EnhancerByCGLIB$$f8cbea8.CGLIB$shouldSeeResult$5(<generated>)
	at com.appdebug.steps.serenity.UserFlow$$EnhancerByCGLIB$$f8cbea8$$FastClassByCGLIB$$562726b1.invoke(<generated>)
	at net.sf.cglib.proxy.MethodProxy.invokeSuper(MethodProxy.java:228)
	at net.thucydides.core.steps.StepInterceptor.invokeMethod(StepInterceptor.java:372)
	at net.thucydides.core.steps.StepInterceptor.executeTestStepMethod(StepInterceptor.java:357)
	at net.thucydides.core.steps.StepInterceptor.runTestStep(StepInterceptor.java:332)
	at net.thucydides.core.steps.StepInterceptor.testStepResult(StepInterceptor.java:134)
	at net.thucydides.core.steps.StepInterceptor.intercept(StepInterceptor.java:61)
	at com.appdebug.steps.serenity.UserFlow$$EnhancerByCGLIB$$f8cbea8.shouldSeeResult(<generated>)
	at com.appdebug.steps.UserSteps.the_user_should_see_as_result_the_value(UserSteps.java:47)
	at ?.Then the user should see as result the value '-11'(arithmetic operations/addition.feature:19)

Scenario: addition of one positive and one negative number  Time elapsed: 0.004 sec  <<< FAILURE!
java.lang.AssertionError: null
	at com.appdebug.steps.serenity.UserFlow.shouldSeeResult(UserFlow.java:44)
	at com.appdebug.steps.serenity.UserFlow$$EnhancerByCGLIB$$f8cbea8.CGLIB$shouldSeeResult$5(<generated>)
	at com.appdebug.steps.serenity.UserFlow$$EnhancerByCGLIB$$f8cbea8$$FastClassByCGLIB$$562726b1.invoke(<generated>)
	at net.sf.cglib.proxy.MethodProxy.invokeSuper(MethodProxy.java:228)
	at net.thucydides.core.steps.StepInterceptor.invokeMethod(StepInterceptor.java:372)
	at net.thucydides.core.steps.StepInterceptor.executeTestStepMethod(StepInterceptor.java:357)
	at net.thucydides.core.steps.StepInterceptor.runTestStep(StepInterceptor.java:332)
	at net.thucydides.core.steps.StepInterceptor.testStepResult(StepInterceptor.java:134)
	at net.thucydides.core.steps.StepInterceptor.intercept(StepInterceptor.java:61)
	at com.appdebug.steps.serenity.UserFlow$$EnhancerByCGLIB$$f8cbea8.shouldSeeResult(<generated>)
	at com.appdebug.steps.UserSteps.the_user_should_see_as_result_the_value(UserSteps.java:47)
	at ?.Then the user should see as result the value '-11'(arithmetic operations/addition.feature:19)

Then the user should see as result the value '-2'(Scenario: division of a positive and a negative integer (exact result))  Time elapsed: 0.001 sec  <<< FAILURE!
java.lang.AssertionError: null
	at com.appdebug.steps.serenity.UserFlow.shouldSeeResult(UserFlow.java:44)
	at com.appdebug.steps.serenity.UserFlow$$EnhancerByCGLIB$$f8cbea8.CGLIB$shouldSeeResult$5(<generated>)
	at com.appdebug.steps.serenity.UserFlow$$EnhancerByCGLIB$$f8cbea8$$FastClassByCGLIB$$562726b1.invoke(<generated>)
	at net.sf.cglib.proxy.MethodProxy.invokeSuper(MethodProxy.java:228)
	at net.thucydides.core.steps.StepInterceptor.invokeMethod(StepInterceptor.java:372)
	at net.thucydides.core.steps.StepInterceptor.executeTestStepMethod(StepInterceptor.java:357)
	at net.thucydides.core.steps.StepInterceptor.runTestStep(StepInterceptor.java:332)
	at net.thucydides.core.steps.StepInterceptor.testStepResult(StepInterceptor.java:134)
	at net.thucydides.core.steps.StepInterceptor.intercept(StepInterceptor.java:61)
	at com.appdebug.steps.serenity.UserFlow$$EnhancerByCGLIB$$f8cbea8.shouldSeeResult(<generated>)
	at com.appdebug.steps.UserSteps.the_user_should_see_as_result_the_value(UserSteps.java:47)
	at ?.Then the user should see as result the value '-2'(arithmetic operations/division.feature:19)

Scenario: division of a positive and a negative integer (exact result)  Time elapsed: 0.001 sec  <<< FAILURE!
java.lang.AssertionError: null
	at com.appdebug.steps.serenity.UserFlow.shouldSeeResult(UserFlow.java:44)
	at com.appdebug.steps.serenity.UserFlow$$EnhancerByCGLIB$$f8cbea8.CGLIB$shouldSeeResult$5(<generated>)
	at com.appdebug.steps.serenity.UserFlow$$EnhancerByCGLIB$$f8cbea8$$FastClassByCGLIB$$562726b1.invoke(<generated>)
	at net.sf.cglib.proxy.MethodProxy.invokeSuper(MethodProxy.java:228)
	at net.thucydides.core.steps.StepInterceptor.invokeMethod(StepInterceptor.java:372)
	at net.thucydides.core.steps.StepInterceptor.executeTestStepMethod(StepInterceptor.java:357)
	at net.thucydides.core.steps.StepInterceptor.runTestStep(StepInterceptor.java:332)
	at net.thucydides.core.steps.StepInterceptor.testStepResult(StepInterceptor.java:134)
	at net.thucydides.core.steps.StepInterceptor.intercept(StepInterceptor.java:61)
	at com.appdebug.steps.serenity.UserFlow$$EnhancerByCGLIB$$f8cbea8.shouldSeeResult(<generated>)
	at com.appdebug.steps.UserSteps.the_user_should_see_as_result_the_value(UserSteps.java:47)
	at ?.Then the user should see as result the value '-2'(arithmetic operations/division.feature:19)

Then the user should see as result the value 'NaN'(Scenario: division of a integer by zero)  Time elapsed: 0.009 sec  <<< ERROR!
net.serenitybdd.core.exceptions.SerenityManagedException: Timed out after 5 seconds waiting for By.AccessibilityId: result to be displayed
Build info: version: '2.53.1', revision: 'a36b8b1cd5757287168e54b817830adce9b0158d', time: '2016-06-30 19:26:09'
System info: host: 'LPRPEREZ2', ip: '192.168.33.1', os.name: 'Windows 10', os.arch: 'amd64', os.version: '10.0', java.version: '1.8.0_111'
Driver info: driver.version: unknown
For documentation on this error, please visit: http://seleniumhq.org/exceptions/no_such_element.html
Build info: version: '2.53.1', revision: 'a36b8b1cd5757287168e54b817830adce9b0158d', time: '2016-06-30 19:26:09'
System info: host: 'LPRPEREZ2', ip: '192.168.33.1', os.name: 'Windows 10', os.arch: 'amd64', os.version: '10.0', java.version: '1.8.0_111'
Driver info: driver.version: unknown
	at net.serenitybdd.core.pages.WebElementFacadeImpl.throwNoSuchElementExceptionWithCauseIfPresent(WebElementFacadeImpl.java:801)
	at net.serenitybdd.core.pages.WebElementFacadeImpl.checkPresenceOfWebElement(WebElementFacadeImpl.java:774)
	at net.serenitybdd.core.pages.WebElementFacadeImpl.getText(WebElementFacadeImpl.java:871)
	at com.appdebug.pages.user_flow.Calculator.getResult(Calculator.java:68)
	at com.appdebug.steps.serenity.UserFlow.shouldSeeResult(UserFlow.java:44)
	at com.appdebug.steps.serenity.UserFlow$$EnhancerByCGLIB$$f8cbea8.CGLIB$shouldSeeResult$5(<generated>)
	at com.appdebug.steps.serenity.UserFlow$$EnhancerByCGLIB$$f8cbea8$$FastClassByCGLIB$$562726b1.invoke(<generated>)
	at net.sf.cglib.proxy.MethodProxy.invokeSuper(MethodProxy.java:228)
	at net.thucydides.core.steps.StepInterceptor.invokeMethod(StepInterceptor.java:372)
	at net.thucydides.core.steps.StepInterceptor.executeTestStepMethod(StepInterceptor.java:357)
	at net.thucydides.core.steps.StepInterceptor.runTestStep(StepInterceptor.java:332)
	at net.thucydides.core.steps.StepInterceptor.testStepResult(StepInterceptor.java:134)
	at net.thucydides.core.steps.StepInterceptor.intercept(StepInterceptor.java:61)
	at com.appdebug.steps.serenity.UserFlow$$EnhancerByCGLIB$$f8cbea8.shouldSeeResult(<generated>)
	at com.appdebug.steps.UserSteps.the_user_should_see_as_result_the_value(UserSteps.java:47)
	at sun.reflect.NativeMethodAccessorImpl.invoke0(Native Method)
	at sun.reflect.NativeMethodAccessorImpl.invoke(NativeMethodAccessorImpl.java:62)
	at sun.reflect.DelegatingMethodAccessorImpl.invoke(DelegatingMethodAccessorImpl.java:43)
	at java.lang.reflect.Method.invoke(Method.java:498)
	at cucumber.runtime.Utils$1.call(Utils.java:40)
	at cucumber.runtime.Timeout.timeout(Timeout.java:16)
	at cucumber.runtime.Utils.invoke(Utils.java:34)
	at cucumber.runtime.java.JavaStepDefinition.execute(JavaStepDefinition.java:38)
	at cucumber.runtime.StepDefinitionMatch.runStep(StepDefinitionMatch.java:37)
	at cucumber.runtime.Runtime.runStep(Runtime.java:300)
	at cucumber.runtime.model.StepContainer.runStep(StepContainer.java:44)
	at cucumber.runtime.model.StepContainer.runSteps(StepContainer.java:39)
	at cucumber.runtime.model.CucumberScenario.run(CucumberScenario.java:44)
	at cucumber.runtime.junit.ExecutionUnitRunner.run(ExecutionUnitRunner.java:102)
	at cucumber.runtime.junit.SerenityFeatureRunner.runChild(SerenityFeatureRunner.java:61)
	at cucumber.runtime.junit.SerenityFeatureRunner.runChild(SerenityFeatureRunner.java:17)
	at org.junit.runners.ParentRunner$3.run(ParentRunner.java:290)
	at org.junit.runners.ParentRunner$1.schedule(ParentRunner.java:71)
	at org.junit.runners.ParentRunner.runChildren(ParentRunner.java:288)
	at org.junit.runners.ParentRunner.access$000(ParentRunner.java:58)
	at org.junit.runners.ParentRunner$2.evaluate(ParentRunner.java:268)
	at org.junit.runners.ParentRunner.run(ParentRunner.java:363)
	at cucumber.runtime.junit.FeatureRunner.run(FeatureRunner.java:70)
	at net.serenitybdd.cucumber.CucumberWithSerenity.runChild(CucumberWithSerenity.java:177)
	at net.serenitybdd.cucumber.CucumberWithSerenity.runChild(CucumberWithSerenity.java:43)
	at org.junit.runners.ParentRunner$3.run(ParentRunner.java:290)
	at org.junit.runners.ParentRunner$1.schedule(ParentRunner.java:71)
	at org.junit.runners.ParentRunner.runChildren(ParentRunner.java:288)
	at org.junit.runners.ParentRunner.access$000(ParentRunner.java:58)
	at org.junit.runners.ParentRunner$2.evaluate(ParentRunner.java:268)
	at org.junit.runners.ParentRunner.run(ParentRunner.java:363)
	at org.apache.maven.surefire.junit4.JUnit4Provider.execute(JUnit4Provider.java:283)
	at org.apache.maven.surefire.junit4.JUnit4Provider.executeWithRerun(JUnit4Provider.java:173)
	at org.apache.maven.surefire.junit4.JUnit4Provider.executeTestSet(JUnit4Provider.java:153)
	at org.apache.maven.surefire.junit4.JUnit4Provider.invoke(JUnit4Provider.java:128)
	at org.apache.maven.surefire.booter.ForkedBooter.invokeProviderInSameClassLoader(ForkedBooter.java:203)
	at org.apache.maven.surefire.booter.ForkedBooter.runSuitesInProcess(ForkedBooter.java:155)
	at org.apache.maven.surefire.booter.ForkedBooter.main(ForkedBooter.java:103)
Caused by: org.openqa.selenium.TimeoutException: Timed out after 5 seconds waiting for By.AccessibilityId: result to be displayed
Build info: version: '2.53.1', revision: 'a36b8b1cd5757287168e54b817830adce9b0158d', time: '2016-06-30 19:26:09'
System info: host: 'LPRPEREZ2', ip: '192.168.33.1', os.name: 'Windows 10', os.arch: 'amd64', os.version: '10.0', java.version: '1.8.0_111'
Driver info: driver.version: unknown
	at org.openqa.selenium.support.ui.FluentWait.timeoutException(FluentWait.java:292)
	at org.openqa.selenium.support.ui.FluentWait.until(FluentWait.java:261)
	at net.serenitybdd.core.pages.WebElementFacadeImpl.checkPresenceOfWebElement(WebElementFacadeImpl.java:768)
	at net.serenitybdd.core.pages.WebElementFacadeImpl.getText(WebElementFacadeImpl.java:871)
	at com.appdebug.pages.user_flow.Calculator.getResult(Calculator.java:68)
	at com.appdebug.steps.serenity.UserFlow.shouldSeeResult(UserFlow.java:44)
	at com.appdebug.steps.serenity.UserFlow$$EnhancerByCGLIB$$f8cbea8.CGLIB$shouldSeeResult$5(<generated>)
	at com.appdebug.steps.serenity.UserFlow$$EnhancerByCGLIB$$f8cbea8$$FastClassByCGLIB$$562726b1.invoke(<generated>)
	at net.sf.cglib.proxy.MethodProxy.invokeSuper(MethodProxy.java:228)
	at net.thucydides.core.steps.StepInterceptor.invokeMethod(StepInterceptor.java:372)
	at net.thucydides.core.steps.StepInterceptor.executeTestStepMethod(StepInterceptor.java:357)
	at net.thucydides.core.steps.StepInterceptor.runTestStep(StepInterceptor.java:332)
	at net.thucydides.core.steps.StepInterceptor.testStepResult(StepInterceptor.java:134)
	at net.thucydides.core.steps.StepInterceptor.intercept(StepInterceptor.java:61)
	at com.appdebug.steps.serenity.UserFlow$$EnhancerByCGLIB$$f8cbea8.shouldSeeResult(<generated>)
	at com.appdebug.steps.UserSteps.the_user_should_see_as_result_the_value(UserSteps.java:47)
	at sun.reflect.NativeMethodAccessorImpl.invoke0(Native Method)
	at sun.reflect.NativeMethodAccessorImpl.invoke(NativeMethodAccessorImpl.java:62)
	at sun.reflect.DelegatingMethodAccessorImpl.invoke(DelegatingMethodAccessorImpl.java:43)
	at java.lang.reflect.Method.invoke(Method.java:498)
	at cucumber.runtime.Utils$1.call(Utils.java:40)
	at cucumber.runtime.Timeout.timeout(Timeout.java:16)
	at cucumber.runtime.Utils.invoke(Utils.java:34)
	at cucumber.runtime.java.JavaStepDefinition.execute(JavaStepDefinition.java:38)
	at cucumber.runtime.StepDefinitionMatch.runStep(StepDefinitionMatch.java:37)
	at cucumber.runtime.Runtime.runStep(Runtime.java:300)
	at cucumber.runtime.model.StepContainer.runStep(StepContainer.java:44)
	at cucumber.runtime.model.StepContainer.runSteps(StepContainer.java:39)
	at cucumber.runtime.model.CucumberScenario.run(CucumberScenario.java:44)
	at cucumber.runtime.junit.ExecutionUnitRunner.run(ExecutionUnitRunner.java:102)
	at cucumber.runtime.junit.SerenityFeatureRunner.runChild(SerenityFeatureRunner.java:61)
	at cucumber.runtime.junit.SerenityFeatureRunner.runChild(SerenityFeatureRunner.java:17)
	at org.junit.runners.ParentRunner$3.run(ParentRunner.java:290)
	at org.junit.runners.ParentRunner$1.schedule(ParentRunner.java:71)
	at org.junit.runners.ParentRunner.runChildren(ParentRunner.java:288)
	at org.junit.runners.ParentRunner.access$000(ParentRunner.java:58)
	at org.junit.runners.ParentRunner$2.evaluate(ParentRunner.java:268)
	at org.junit.runners.ParentRunner.run(ParentRunner.java:363)
	at cucumber.runtime.junit.FeatureRunner.run(FeatureRunner.java:70)
	at net.serenitybdd.cucumber.CucumberWithSerenity.runChild(CucumberWithSerenity.java:177)
	at net.serenitybdd.cucumber.CucumberWithSerenity.runChild(CucumberWithSerenity.java:43)
	at org.junit.runners.ParentRunner$3.run(ParentRunner.java:290)
	at org.junit.runners.ParentRunner$1.schedule(ParentRunner.java:71)
	at org.junit.runners.ParentRunner.runChildren(ParentRunner.java:288)
	at org.junit.runners.ParentRunner.access$000(ParentRunner.java:58)
	at org.junit.runners.ParentRunner$2.evaluate(ParentRunner.java:268)
	at org.junit.runners.ParentRunner.run(ParentRunner.java:363)
	at org.apache.maven.surefire.junit4.JUnit4Provider.execute(JUnit4Provider.java:283)
	at org.apache.maven.surefire.junit4.JUnit4Provider.executeWithRerun(JUnit4Provider.java:173)
	at org.apache.maven.surefire.junit4.JUnit4Provider.executeTestSet(JUnit4Provider.java:153)
	at org.apache.maven.surefire.junit4.JUnit4Provider.invoke(JUnit4Provider.java:128)
	at org.apache.maven.surefire.booter.ForkedBooter.invokeProviderInSameClassLoader(ForkedBooter.java:203)
	at org.apache.maven.surefire.booter.ForkedBooter.runSuitesInProcess(ForkedBooter.java:155)
	at org.apache.maven.surefire.booter.ForkedBooter.main(ForkedBooter.java:103)

Scenario: division of a integer by zero  Time elapsed: 0.023 sec  <<< ERROR!
net.serenitybdd.core.exceptions.SerenityManagedException: Timed out after 5 seconds waiting for By.AccessibilityId: result to be displayed
Build info: version: '2.53.1', revision: 'a36b8b1cd5757287168e54b817830adce9b0158d', time: '2016-06-30 19:26:09'
System info: host: 'LPRPEREZ2', ip: '192.168.33.1', os.name: 'Windows 10', os.arch: 'amd64', os.version: '10.0', java.version: '1.8.0_111'
Driver info: driver.version: unknown
For documentation on this error, please visit: http://seleniumhq.org/exceptions/no_such_element.html
Build info: version: '2.53.1', revision: 'a36b8b1cd5757287168e54b817830adce9b0158d', time: '2016-06-30 19:26:09'
System info: host: 'LPRPEREZ2', ip: '192.168.33.1', os.name: 'Windows 10', os.arch: 'amd64', os.version: '10.0', java.version: '1.8.0_111'
Driver info: driver.version: unknown
	at net.serenitybdd.core.pages.WebElementFacadeImpl.throwNoSuchElementExceptionWithCauseIfPresent(WebElementFacadeImpl.java:801)
	at net.serenitybdd.core.pages.WebElementFacadeImpl.checkPresenceOfWebElement(WebElementFacadeImpl.java:774)
	at net.serenitybdd.core.pages.WebElementFacadeImpl.getText(WebElementFacadeImpl.java:871)
	at com.appdebug.pages.user_flow.Calculator.getResult(Calculator.java:68)
	at com.appdebug.steps.serenity.UserFlow.shouldSeeResult(UserFlow.java:44)
	at com.appdebug.steps.serenity.UserFlow$$EnhancerByCGLIB$$f8cbea8.CGLIB$shouldSeeResult$5(<generated>)
	at com.appdebug.steps.serenity.UserFlow$$EnhancerByCGLIB$$f8cbea8$$FastClassByCGLIB$$562726b1.invoke(<generated>)
	at net.sf.cglib.proxy.MethodProxy.invokeSuper(MethodProxy.java:228)
	at net.thucydides.core.steps.StepInterceptor.invokeMethod(StepInterceptor.java:372)
	at net.thucydides.core.steps.StepInterceptor.executeTestStepMethod(StepInterceptor.java:357)
	at net.thucydides.core.steps.StepInterceptor.runTestStep(StepInterceptor.java:332)
	at net.thucydides.core.steps.StepInterceptor.testStepResult(StepInterceptor.java:134)
	at net.thucydides.core.steps.StepInterceptor.intercept(StepInterceptor.java:61)
	at com.appdebug.steps.serenity.UserFlow$$EnhancerByCGLIB$$f8cbea8.shouldSeeResult(<generated>)
	at com.appdebug.steps.UserSteps.the_user_should_see_as_result_the_value(UserSteps.java:47)
	at sun.reflect.NativeMethodAccessorImpl.invoke0(Native Method)
	at sun.reflect.NativeMethodAccessorImpl.invoke(NativeMethodAccessorImpl.java:62)
	at sun.reflect.DelegatingMethodAccessorImpl.invoke(DelegatingMethodAccessorImpl.java:43)
	at java.lang.reflect.Method.invoke(Method.java:498)
	at cucumber.runtime.Utils$1.call(Utils.java:40)
	at cucumber.runtime.Timeout.timeout(Timeout.java:16)
	at cucumber.runtime.Utils.invoke(Utils.java:34)
	at cucumber.runtime.java.JavaStepDefinition.execute(JavaStepDefinition.java:38)
	at cucumber.runtime.StepDefinitionMatch.runStep(StepDefinitionMatch.java:37)
	at cucumber.runtime.Runtime.runStep(Runtime.java:300)
	at cucumber.runtime.model.StepContainer.runStep(StepContainer.java:44)
	at cucumber.runtime.model.StepContainer.runSteps(StepContainer.java:39)
	at cucumber.runtime.model.CucumberScenario.run(CucumberScenario.java:44)
	at cucumber.runtime.junit.ExecutionUnitRunner.run(ExecutionUnitRunner.java:102)
	at cucumber.runtime.junit.SerenityFeatureRunner.runChild(SerenityFeatureRunner.java:61)
	at cucumber.runtime.junit.SerenityFeatureRunner.runChild(SerenityFeatureRunner.java:17)
	at org.junit.runners.ParentRunner$3.run(ParentRunner.java:290)
	at org.junit.runners.ParentRunner$1.schedule(ParentRunner.java:71)
	at org.junit.runners.ParentRunner.runChildren(ParentRunner.java:288)
	at org.junit.runners.ParentRunner.access$000(ParentRunner.java:58)
	at org.junit.runners.ParentRunner$2.evaluate(ParentRunner.java:268)
	at org.junit.runners.ParentRunner.run(ParentRunner.java:363)
	at cucumber.runtime.junit.FeatureRunner.run(FeatureRunner.java:70)
	at net.serenitybdd.cucumber.CucumberWithSerenity.runChild(CucumberWithSerenity.java:177)
	at net.serenitybdd.cucumber.CucumberWithSerenity.runChild(CucumberWithSerenity.java:43)
	at org.junit.runners.ParentRunner$3.run(ParentRunner.java:290)
	at org.junit.runners.ParentRunner$1.schedule(ParentRunner.java:71)
	at org.junit.runners.ParentRunner.runChildren(ParentRunner.java:288)
	at org.junit.runners.ParentRunner.access$000(ParentRunner.java:58)
	at org.junit.runners.ParentRunner$2.evaluate(ParentRunner.java:268)
	at org.junit.runners.ParentRunner.run(ParentRunner.java:363)
	at org.apache.maven.surefire.junit4.JUnit4Provider.execute(JUnit4Provider.java:283)
	at org.apache.maven.surefire.junit4.JUnit4Provider.executeWithRerun(JUnit4Provider.java:173)
	at org.apache.maven.surefire.junit4.JUnit4Provider.executeTestSet(JUnit4Provider.java:153)
	at org.apache.maven.surefire.junit4.JUnit4Provider.invoke(JUnit4Provider.java:128)
	at org.apache.maven.surefire.booter.ForkedBooter.invokeProviderInSameClassLoader(ForkedBooter.java:203)
	at org.apache.maven.surefire.booter.ForkedBooter.runSuitesInProcess(ForkedBooter.java:155)
	at org.apache.maven.surefire.booter.ForkedBooter.main(ForkedBooter.java:103)
Caused by: org.openqa.selenium.TimeoutException: Timed out after 5 seconds waiting for By.AccessibilityId: result to be displayed
Build info: version: '2.53.1', revision: 'a36b8b1cd5757287168e54b817830adce9b0158d', time: '2016-06-30 19:26:09'
System info: host: 'LPRPEREZ2', ip: '192.168.33.1', os.name: 'Windows 10', os.arch: 'amd64', os.version: '10.0', java.version: '1.8.0_111'
Driver info: driver.version: unknown
	at org.openqa.selenium.support.ui.FluentWait.timeoutException(FluentWait.java:292)
	at org.openqa.selenium.support.ui.FluentWait.until(FluentWait.java:261)
	at net.serenitybdd.core.pages.WebElementFacadeImpl.checkPresenceOfWebElement(WebElementFacadeImpl.java:768)
	at net.serenitybdd.core.pages.WebElementFacadeImpl.getText(WebElementFacadeImpl.java:871)
	at com.appdebug.pages.user_flow.Calculator.getResult(Calculator.java:68)
	at com.appdebug.steps.serenity.UserFlow.shouldSeeResult(UserFlow.java:44)
	at com.appdebug.steps.serenity.UserFlow$$EnhancerByCGLIB$$f8cbea8.CGLIB$shouldSeeResult$5(<generated>)
	at com.appdebug.steps.serenity.UserFlow$$EnhancerByCGLIB$$f8cbea8$$FastClassByCGLIB$$562726b1.invoke(<generated>)
	at net.sf.cglib.proxy.MethodProxy.invokeSuper(MethodProxy.java:228)
	at net.thucydides.core.steps.StepInterceptor.invokeMethod(StepInterceptor.java:372)
	at net.thucydides.core.steps.StepInterceptor.executeTestStepMethod(StepInterceptor.java:357)
	at net.thucydides.core.steps.StepInterceptor.runTestStep(StepInterceptor.java:332)
	at net.thucydides.core.steps.StepInterceptor.testStepResult(StepInterceptor.java:134)
	at net.thucydides.core.steps.StepInterceptor.intercept(StepInterceptor.java:61)
	at com.appdebug.steps.serenity.UserFlow$$EnhancerByCGLIB$$f8cbea8.shouldSeeResult(<generated>)
	at com.appdebug.steps.UserSteps.the_user_should_see_as_result_the_value(UserSteps.java:47)
	at sun.reflect.NativeMethodAccessorImpl.invoke0(Native Method)
	at sun.reflect.NativeMethodAccessorImpl.invoke(NativeMethodAccessorImpl.java:62)
	at sun.reflect.DelegatingMethodAccessorImpl.invoke(DelegatingMethodAccessorImpl.java:43)
	at java.lang.reflect.Method.invoke(Method.java:498)
	at cucumber.runtime.Utils$1.call(Utils.java:40)
	at cucumber.runtime.Timeout.timeout(Timeout.java:16)
	at cucumber.runtime.Utils.invoke(Utils.java:34)
	at cucumber.runtime.java.JavaStepDefinition.execute(JavaStepDefinition.java:38)
	at cucumber.runtime.StepDefinitionMatch.runStep(StepDefinitionMatch.java:37)
	at cucumber.runtime.Runtime.runStep(Runtime.java:300)
	at cucumber.runtime.model.StepContainer.runStep(StepContainer.java:44)
	at cucumber.runtime.model.StepContainer.runSteps(StepContainer.java:39)
	at cucumber.runtime.model.CucumberScenario.run(CucumberScenario.java:44)
	at cucumber.runtime.junit.ExecutionUnitRunner.run(ExecutionUnitRunner.java:102)
	at cucumber.runtime.junit.SerenityFeatureRunner.runChild(SerenityFeatureRunner.java:61)
	at cucumber.runtime.junit.SerenityFeatureRunner.runChild(SerenityFeatureRunner.java:17)
	at org.junit.runners.ParentRunner$3.run(ParentRunner.java:290)
	at org.junit.runners.ParentRunner$1.schedule(ParentRunner.java:71)
	at org.junit.runners.ParentRunner.runChildren(ParentRunner.java:288)
	at org.junit.runners.ParentRunner.access$000(ParentRunner.java:58)
	at org.junit.runners.ParentRunner$2.evaluate(ParentRunner.java:268)
	at org.junit.runners.ParentRunner.run(ParentRunner.java:363)
	at cucumber.runtime.junit.FeatureRunner.run(FeatureRunner.java:70)
	at net.serenitybdd.cucumber.CucumberWithSerenity.runChild(CucumberWithSerenity.java:177)
	at net.serenitybdd.cucumber.CucumberWithSerenity.runChild(CucumberWithSerenity.java:43)
	at org.junit.runners.ParentRunner$3.run(ParentRunner.java:290)
	at org.junit.runners.ParentRunner$1.schedule(ParentRunner.java:71)
	at org.junit.runners.ParentRunner.runChildren(ParentRunner.java:288)
	at org.junit.runners.ParentRunner.access$000(ParentRunner.java:58)
	at org.junit.runners.ParentRunner$2.evaluate(ParentRunner.java:268)
	at org.junit.runners.ParentRunner.run(ParentRunner.java:363)
	at org.apache.maven.surefire.junit4.JUnit4Provider.execute(JUnit4Provider.java:283)
	at org.apache.maven.surefire.junit4.JUnit4Provider.executeWithRerun(JUnit4Provider.java:173)
	at org.apache.maven.surefire.junit4.JUnit4Provider.executeTestSet(JUnit4Provider.java:153)
	at org.apache.maven.surefire.junit4.JUnit4Provider.invoke(JUnit4Provider.java:128)
	at org.apache.maven.surefire.booter.ForkedBooter.invokeProviderInSameClassLoader(ForkedBooter.java:203)
	at org.apache.maven.surefire.booter.ForkedBooter.runSuitesInProcess(ForkedBooter.java:155)
	at org.apache.maven.surefire.booter.ForkedBooter.main(ForkedBooter.java:103)

Then the user should see as result the value '-2'(Scenario: multiplication of one positive and one negative integer)  Time elapsed: 0.001 sec  <<< FAILURE!
java.lang.AssertionError: null
	at com.appdebug.steps.serenity.UserFlow.shouldSeeResult(UserFlow.java:44)
	at com.appdebug.steps.serenity.UserFlow$$EnhancerByCGLIB$$f8cbea8.CGLIB$shouldSeeResult$5(<generated>)
	at com.appdebug.steps.serenity.UserFlow$$EnhancerByCGLIB$$f8cbea8$$FastClassByCGLIB$$562726b1.invoke(<generated>)
	at net.sf.cglib.proxy.MethodProxy.invokeSuper(MethodProxy.java:228)
	at net.thucydides.core.steps.StepInterceptor.invokeMethod(StepInterceptor.java:372)
	at net.thucydides.core.steps.StepInterceptor.executeTestStepMethod(StepInterceptor.java:357)
	at net.thucydides.core.steps.StepInterceptor.runTestStep(StepInterceptor.java:332)
	at net.thucydides.core.steps.StepInterceptor.testStepResult(StepInterceptor.java:134)
	at net.thucydides.core.steps.StepInterceptor.intercept(StepInterceptor.java:61)
	at com.appdebug.steps.serenity.UserFlow$$EnhancerByCGLIB$$f8cbea8.shouldSeeResult(<generated>)
	at com.appdebug.steps.UserSteps.the_user_should_see_as_result_the_value(UserSteps.java:47)
	at ?.Then the user should see as result the value '-2'(arithmetic operations/multiplication.feature:14)

Scenario: multiplication of one positive and one negative integer  Time elapsed: 0.001 sec  <<< FAILURE!
java.lang.AssertionError: null
	at com.appdebug.steps.serenity.UserFlow.shouldSeeResult(UserFlow.java:44)
	at com.appdebug.steps.serenity.UserFlow$$EnhancerByCGLIB$$f8cbea8.CGLIB$shouldSeeResult$5(<generated>)
	at com.appdebug.steps.serenity.UserFlow$$EnhancerByCGLIB$$f8cbea8$$FastClassByCGLIB$$562726b1.invoke(<generated>)
	at net.sf.cglib.proxy.MethodProxy.invokeSuper(MethodProxy.java:228)
	at net.thucydides.core.steps.StepInterceptor.invokeMethod(StepInterceptor.java:372)
	at net.thucydides.core.steps.StepInterceptor.executeTestStepMethod(StepInterceptor.java:357)
	at net.thucydides.core.steps.StepInterceptor.runTestStep(StepInterceptor.java:332)
	at net.thucydides.core.steps.StepInterceptor.testStepResult(StepInterceptor.java:134)
	at net.thucydides.core.steps.StepInterceptor.intercept(StepInterceptor.java:61)
	at com.appdebug.steps.serenity.UserFlow$$EnhancerByCGLIB$$f8cbea8.shouldSeeResult(<generated>)
	at com.appdebug.steps.UserSteps.the_user_should_see_as_result_the_value(UserSteps.java:47)
	at ?.Then the user should see as result the value '-2'(arithmetic operations/multiplication.feature:14)

Then the user should see as result the value '3'(Scenario: subtraction of a positive and a negative integer)  Time elapsed: 0.001 sec  <<< FAILURE!
java.lang.AssertionError: null
	at com.appdebug.steps.serenity.UserFlow.shouldSeeResult(UserFlow.java:44)
	at com.appdebug.steps.serenity.UserFlow$$EnhancerByCGLIB$$f8cbea8.CGLIB$shouldSeeResult$5(<generated>)
	at com.appdebug.steps.serenity.UserFlow$$EnhancerByCGLIB$$f8cbea8$$FastClassByCGLIB$$562726b1.invoke(<generated>)
	at net.sf.cglib.proxy.MethodProxy.invokeSuper(MethodProxy.java:228)
	at net.thucydides.core.steps.StepInterceptor.invokeMethod(StepInterceptor.java:372)
	at net.thucydides.core.steps.StepInterceptor.executeTestStepMethod(StepInterceptor.java:357)
	at net.thucydides.core.steps.StepInterceptor.runTestStep(StepInterceptor.java:332)
	at net.thucydides.core.steps.StepInterceptor.testStepResult(StepInterceptor.java:134)
	at net.thucydides.core.steps.StepInterceptor.intercept(StepInterceptor.java:61)
	at com.appdebug.steps.serenity.UserFlow$$EnhancerByCGLIB$$f8cbea8.shouldSeeResult(<generated>)
	at com.appdebug.steps.UserSteps.the_user_should_see_as_result_the_value(UserSteps.java:47)
	at ?.Then the user should see as result the value '3'(arithmetic operations/subtraction.feature:19)

Scenario: subtraction of a positive and a negative integer  Time elapsed: 0.002 sec  <<< FAILURE!
java.lang.AssertionError: null
	at com.appdebug.steps.serenity.UserFlow.shouldSeeResult(UserFlow.java:44)
	at com.appdebug.steps.serenity.UserFlow$$EnhancerByCGLIB$$f8cbea8.CGLIB$shouldSeeResult$5(<generated>)
	at com.appdebug.steps.serenity.UserFlow$$EnhancerByCGLIB$$f8cbea8$$FastClassByCGLIB$$562726b1.invoke(<generated>)
	at net.sf.cglib.proxy.MethodProxy.invokeSuper(MethodProxy.java:228)
	at net.thucydides.core.steps.StepInterceptor.invokeMethod(StepInterceptor.java:372)
	at net.thucydides.core.steps.StepInterceptor.executeTestStepMethod(StepInterceptor.java:357)
	at net.thucydides.core.steps.StepInterceptor.runTestStep(StepInterceptor.java:332)
	at net.thucydides.core.steps.StepInterceptor.testStepResult(StepInterceptor.java:134)
	at net.thucydides.core.steps.StepInterceptor.intercept(StepInterceptor.java:61)
	at com.appdebug.steps.serenity.UserFlow$$EnhancerByCGLIB$$f8cbea8.shouldSeeResult(<generated>)
	at com.appdebug.steps.UserSteps.the_user_should_see_as_result_the_value(UserSteps.java:47)
	at ?.Then the user should see as result the value '3'(arithmetic operations/subtraction.feature:19)

Then the user should see as result the value '1'(Scenario: subtraction of two negative numbers)  Time elapsed: 0.001 sec  <<< FAILURE!
java.lang.AssertionError: null
	at com.appdebug.steps.serenity.UserFlow.shouldSeeResult(UserFlow.java:44)
	at com.appdebug.steps.serenity.UserFlow$$EnhancerByCGLIB$$f8cbea8.CGLIB$shouldSeeResult$5(<generated>)
	at com.appdebug.steps.serenity.UserFlow$$EnhancerByCGLIB$$f8cbea8$$FastClassByCGLIB$$562726b1.invoke(<generated>)
	at net.sf.cglib.proxy.MethodProxy.invokeSuper(MethodProxy.java:228)
	at net.thucydides.core.steps.StepInterceptor.invokeMethod(StepInterceptor.java:372)
	at net.thucydides.core.steps.StepInterceptor.executeTestStepMethod(StepInterceptor.java:357)
	at net.thucydides.core.steps.StepInterceptor.runTestStep(StepInterceptor.java:332)
	at net.thucydides.core.steps.StepInterceptor.testStepResult(StepInterceptor.java:134)
	at net.thucydides.core.steps.StepInterceptor.intercept(StepInterceptor.java:61)
	at com.appdebug.steps.serenity.UserFlow$$EnhancerByCGLIB$$f8cbea8.shouldSeeResult(<generated>)
	at com.appdebug.steps.UserSteps.the_user_should_see_as_result_the_value(UserSteps.java:47)
	at ?.Then the user should see as result the value '1'(arithmetic operations/subtraction.feature:25)

Scenario: subtraction of two negative numbers  Time elapsed: 0.002 sec  <<< FAILURE!
java.lang.AssertionError: null
	at com.appdebug.steps.serenity.UserFlow.shouldSeeResult(UserFlow.java:44)
	at com.appdebug.steps.serenity.UserFlow$$EnhancerByCGLIB$$f8cbea8.CGLIB$shouldSeeResult$5(<generated>)
	at com.appdebug.steps.serenity.UserFlow$$EnhancerByCGLIB$$f8cbea8$$FastClassByCGLIB$$562726b1.invoke(<generated>)
	at net.sf.cglib.proxy.MethodProxy.invokeSuper(MethodProxy.java:228)
	at net.thucydides.core.steps.StepInterceptor.invokeMethod(StepInterceptor.java:372)
	at net.thucydides.core.steps.StepInterceptor.executeTestStepMethod(StepInterceptor.java:357)
	at net.thucydides.core.steps.StepInterceptor.runTestStep(StepInterceptor.java:332)
	at net.thucydides.core.steps.StepInterceptor.testStepResult(StepInterceptor.java:134)
	at net.thucydides.core.steps.StepInterceptor.intercept(StepInterceptor.java:61)
	at com.appdebug.steps.serenity.UserFlow$$EnhancerByCGLIB$$f8cbea8.shouldSeeResult(<generated>)
	at com.appdebug.steps.UserSteps.the_user_should_see_as_result_the_value(UserSteps.java:47)
	at ?.Then the user should see as result the value '1'(arithmetic operations/subtraction.feature:25)

